
Showing logs for build [32mtroyhart-jx-sd1-master-release-7bzfr-2[0m stage [32mfrom-build-pack[0m and container [32mstep-credential-initializer-2thqb[0m
{"level":"warn","ts":1587305339.6997452,"logger":"fallback-logger","caller":"logging/config.go:69","msg":"Fetch GitHub commit ID from kodata failed: \"ref: refs/heads/0.8.0-**-support-backwards-incompats\" is not a valid GitHub commit ID"}
{"level":"info","ts":1587305339.7006245,"logger":"fallback-logger","caller":"creds-init/main.go:40","msg":"Credentials initialized."}

Showing logs for build [32mtroyhart-jx-sd1-master-release-7bzfr-2[0m stage [32mfrom-build-pack[0m and container [32mstep-working-dir-initializer-qmsrj[0m
{"level":"warn","ts":1587305340.9034789,"logger":"fallback-logger","caller":"logging/config.go:69","msg":"Fetch GitHub commit ID from kodata failed: open /var/run/ko/HEAD: no such file or directory"}
{"level":"info","ts":1587305340.9069793,"logger":"fallback-logger","caller":"bash/main.go:64","msg":"Successfully executed command \"sh -c mkdir -p /workspace/source\"; output "}

Showing logs for build [32mtroyhart-jx-sd1-master-release-7bzfr-2[0m stage [32mfrom-build-pack[0m and container [32mstep-place-tools[0m

Showing logs for build [32mtroyhart-jx-sd1-master-release-7bzfr-2[0m stage [32mfrom-build-pack[0m and container [32mstep-git-source-troyhart-jx-sd1-master-release-7bzfr-xsrwm[0m
{"level":"warn","ts":1587305350.2878022,"logger":"fallback-logger","caller":"logging/config.go:69","msg":"Fetch GitHub commit ID from kodata failed: \"ref: refs/heads/0.8.0-**-support-backwards-incompats\" is not a valid GitHub commit ID"}
{"level":"info","ts":1587305351.0871358,"logger":"fallback-logger","caller":"git/git.go:103","msg":"Successfully cloned https://github.com/********/**-sd1.git @ v0.0.2 in path /workspace/source"}

Showing logs for build [32mtroyhart-jx-sd1-master-release-7bzfr-2[0m stage [32mfrom-build-pack[0m and container [32mstep-git-merge[0m
Using SHAs from PULL_REFS=master:c5c7a6e5230b74d554e1576a79ab37364d33eecd
WARNING: no SHAs to merge, falling back to initial cloned commit

Showing logs for build [32mtroyhart-jx-sd1-master-release-7bzfr-2[0m stage [32mfrom-build-pack[0m and container [32mstep-setup-jx-git-credentials[0m
Generated Git credentials file /workspace/xdg_config/git/credentials

Showing logs for build [32mtroyhart-jx-sd1-master-release-7bzfr-2[0m stage [32mfrom-build-pack[0m and container [32mstep-build-mvn-deploy[0m
Picked up _JAVA_OPTIONS: -XX:+UnlockExperimentalVMOptions -Dsun.zip.disableMemoryMapping=true -XX:+UseParallelGC -XX:MinHeapFreeRatio=5 -XX:MaxHeapFreeRatio=10 -XX:GCTimeRatio=4 -XX:AdaptiveSizePolicyWeight=90 -Xms10m -Xmx192m
[INFO] Scanning for projects...
[INFO] 
[INFO] --------------------------< com.example:demo >--------------------------
[INFO] Building demo 0.0.2
[INFO] --------------------------------[ jar ]---------------------------------
[INFO] 
[INFO] --- maven-clean-plugin:3.1.0:clean (default-clean) @ demo ---
[INFO] 
[INFO] --- maven-resources-plugin:3.1.0:resources (default-resources) @ demo ---
[INFO] Using 'UTF-8' encoding to copy filtered resources.
[INFO] Copying 1 resource
[INFO] Copying 0 resource
[INFO] 
[INFO] --- maven-compiler-plugin:3.8.1:compile (default-compile) @ demo ---
[INFO] Changes detected - recompiling the module!
[INFO] Compiling 1 source file to /workspace/source/target/classes
[INFO] 
[INFO] --- maven-resources-plugin:3.1.0:testResources (default-testResources) @ demo ---
[INFO] Using 'UTF-8' encoding to copy filtered resources.
[INFO] skip non existing resourceDirectory /workspace/source/src/test/resources
[INFO] 
[INFO] --- maven-compiler-plugin:3.8.1:testCompile (default-testCompile) @ demo ---
[INFO] Changes detected - recompiling the module!
[INFO] Compiling 1 source file to /workspace/source/target/test-classes
[INFO] 
[INFO] --- maven-surefire-plugin:3.0.0-M1:test (default-test) @ demo ---
[INFO] 
[INFO] -------------------------------------------------------
[INFO]  T E S T S
[INFO] -------------------------------------------------------
[INFO] Running com.example.demo.DemoApplicationTests
14:10:05.491 [main] DEBUG org.springframework.test.context.BootstrapUtils - Instantiating CacheAwareContextLoaderDelegate from class [org.springframework.test.context.cache.DefaultCacheAwareContextLoaderDelegate]
14:10:05.591 [main] DEBUG org.springframework.test.context.BootstrapUtils - Instantiating BootstrapContext using constructor [public org.springframework.test.context.support.DefaultBootstrapContext(java.lang.Class,org.springframework.test.context.CacheAwareContextLoaderDelegate)]
14:10:05.888 [main] DEBUG org.springframework.test.context.BootstrapUtils - Instantiating TestContextBootstrapper for test class [com.example.demo.DemoApplicationTests] from class [org.springframework.boot.test.context.SpringBootTestContextBootstrapper]
14:10:06.002 [main] INFO org.springframework.boot.test.context.SpringBootTestContextBootstrapper - Neither @ContextConfiguration nor @ContextHierarchy found for test class [com.example.demo.DemoApplicationTests], using SpringBootContextLoader
14:10:06.082 [main] DEBUG org.springframework.test.context.support.AbstractContextLoader - Did not detect default resource location for test class [com.example.demo.DemoApplicationTests]: class path resource [com/example/demo/DemoApplicationTests-context.xml] does not exist
14:10:06.083 [main] DEBUG org.springframework.test.context.support.AbstractContextLoader - Did not detect default resource location for test class [com.example.demo.DemoApplicationTests]: class path resource [com/example/demo/DemoApplicationTestsContext.groovy] does not exist
14:10:06.084 [main] INFO org.springframework.test.context.support.AbstractContextLoader - Could not detect default resource locations for test class [com.example.demo.DemoApplicationTests]: no resource found for suffixes {-context.xml, Context.groovy}.
14:10:06.085 [main] INFO org.springframework.test.context.support.AnnotationConfigContextLoaderUtils - Could not detect default configuration classes for test class [com.example.demo.DemoApplicationTests]: DemoApplicationTests does not declare any static, non-private, non-final, nested classes annotated with @Configuration.
14:10:06.421 [main] DEBUG org.springframework.test.context.support.ActiveProfilesUtils - Could not find an 'annotation declaring class' for annotation type [org.springframework.test.context.ActiveProfiles] and class [com.example.demo.DemoApplicationTests]
14:10:06.794 [main] DEBUG org.springframework.context.annotation.ClassPathScanningCandidateComponentProvider - Identified candidate component class: file [/workspace/source/target/classes/com/example/demo/DemoApplication.class]
14:10:06.797 [main] INFO org.springframework.boot.test.context.SpringBootTestContextBootstrapper - Found @SpringBootConfiguration com.example.demo.DemoApplication for test class com.example.demo.DemoApplicationTests
14:10:07.321 [main] DEBUG org.springframework.boot.test.context.SpringBootTestContextBootstrapper - @TestExecutionListeners is not present for class [com.example.demo.DemoApplicationTests]: using defaults.
14:10:07.322 [main] INFO org.springframework.boot.test.context.SpringBootTestContextBootstrapper - Loaded default TestExecutionListener class names from location [META-INF/spring.factories]: [org.springframework.boot.test.mock.mockito.MockitoTestExecutionListener, org.springframework.boot.test.mock.mockito.ResetMocksTestExecutionListener, org.springframework.boot.test.autoconfigure.restdocs.RestDocsTestExecutionListener, org.springframework.boot.test.autoconfigure.web.client.MockRestServiceServerResetTestExecutionListener, org.springframework.boot.test.autoconfigure.web.servlet.MockMvcPrintOnlyOnFailureTestExecutionListener, org.springframework.boot.test.autoconfigure.web.servlet.WebDriverTestExecutionListener, org.springframework.test.context.web.ServletTestExecutionListener, org.springframework.test.context.support.DirtiesContextBeforeModesTestExecutionListener, org.springframework.test.context.support.DependencyInjectionTestExecutionListener, org.springframework.test.context.support.DirtiesContextTestExecutionListener, org.springframework.test.context.transaction.TransactionalTestExecutionListener, org.springframework.test.context.jdbc.SqlScriptsTestExecutionListener, org.springframework.test.context.event.EventPublishingTestExecutionListener]
14:10:07.486 [main] DEBUG org.springframework.boot.test.context.SpringBootTestContextBootstrapper - Skipping candidate TestExecutionListener [org.springframework.test.context.transaction.TransactionalTestExecutionListener] due to a missing dependency. Specify custom listener classes or make the default listener classes and their required dependencies available. Offending class: [org/springframework/transaction/TransactionDefinition]
14:10:07.487 [main] DEBUG org.springframework.boot.test.context.SpringBootTestContextBootstrapper - Skipping candidate TestExecutionListener [org.springframework.test.context.jdbc.SqlScriptsTestExecutionListener] due to a missing dependency. Specify custom listener classes or make the default listener classes and their required dependencies available. Offending class: [org/springframework/transaction/interceptor/TransactionAttribute]
14:10:07.488 [main] INFO org.springframework.boot.test.context.SpringBootTestContextBootstrapper - Using TestExecutionListeners: [org.springframework.test.context.web.ServletTestExecutionListener@49d3c823, org.springframework.test.context.support.DirtiesContextBeforeModesTestExecutionListener@436bc36, org.springframework.boot.test.mock.mockito.MockitoTestExecutionListener@5fe1ce85, org.springframework.boot.test.autoconfigure.SpringBootDependencyInjectionTestExecutionListener@604c5de8, org.springframework.test.context.support.DirtiesContextTestExecutionListener@37091312, org.springframework.test.context.event.EventPublishingTestExecutionListener@66fdec9, org.springframework.boot.test.mock.mockito.ResetMocksTestExecutionListener@57abad67, org.springframework.boot.test.autoconfigure.restdocs.RestDocsTestExecutionListener@550a1967, org.springframework.boot.test.autoconfigure.web.client.MockRestServiceServerResetTestExecutionListener@2a640157, org.springframework.boot.test.autoconfigure.web.servlet.MockMvcPrintOnlyOnFailureTestExecutionListener@52851b44, org.springframework.boot.test.autoconfigure.web.servlet.WebDriverTestExecutionListener@584f54e6]
14:10:07.501 [main] DEBUG org.springframework.test.context.support.AbstractDirtiesContextTestExecutionListener - Before test class: context [DefaultTestContext@2cc44ad testClass = DemoApplicationTests, testInstance = [null], testMethod = [null], testException = [null], mergedContextConfiguration = [WebMergedContextConfiguration@44b3606b testClass = DemoApplicationTests, locations = '**', classes = '{class com.example.demo.DemoApplication}', contextInitializerClasses = '[]', activeProfiles = '**', propertySourceLocations = '**', propertySourceProperties = '{org.springframework.boot.test.context.SpringBootTestContextBootstrapper=true}', contextCustomizers = set[org.springframework.boot.test.context.filter.ExcludeFilterContextCustomizer@5c7bfdc1, org.springframework.boot.test.json.DuplicateJsonObjectContextCustomizerFactory$DuplicateJsonObjectContextCustomizer@1807f5a7, org.springframework.boot.test.mock.mockito.MockitoContextCustomizer@0, org.springframework.boot.test.web.client.TestRestTemplateContextCustomizer@5a7fe64f, org.springframework.boot.test.autoconfigure.properties.PropertyMappingContextCustomizer@0, org.springframework.boot.test.autoconfigure.web.servlet.WebDriverContextCustomizerFactory$Customizer@21be3395], resourceBasePath = 'src/main/webapp', contextLoader = 'org.springframework.boot.test.context.SpringBootContextLoader', parent = [null]], attributes = map['org.springframework.test.context.web.ServletTestExecutionListener.activateListener' -> true]], class annotated with @DirtiesContext [false] with mode [null].
14:10:07.794 [main] DEBUG org.springframework.test.context.support.TestPropertySourceUtils - Adding inlined properties to environment: {spring.jmx.enabled=false, org.springframework.boot.test.context.SpringBootTestContextBootstrapper=true, server.port=-1}

  .   ____          _            __ _ _
 /\\ / ___'_ __ _ _(_)_ __  __ _ \ \ \ \
( ( )\___ | '_ | '_| | '_ \/ _` | \ \ \ \
 \\/  ___)| |_)| | | | | || (_| |  ) ) ) )
  '  |____| .__|_| |_|_| |_\__, | / / / /
 =========|_|==============|___/=/_/_/_/
 :: Spring Boot ::        (v2.2.6.RELEASE)

2020-04-19 14:10:09.096  INFO 71 --- [           main] com.example.demo.DemoApplicationTests    : Starting DemoApplicationTests on ********-**-sd1-master-release-7bzfr-2-from-build-pack-2kflj-po with PID 71 (started by root in /workspace/source)
2020-04-19 14:10:09.098  INFO 71 --- [           main] com.example.demo.DemoApplicationTests    : No active profile set, falling back to default profiles: default
2020-04-19 14:10:22.902  INFO 71 --- [           main] o.s.s.concurrent.ThreadPoolTaskExecutor  : Initializing ExecutorService 'applicationTaskExecutor'
2020-04-19 14:10:25.516  INFO 71 --- [           main] o.s.b.a.e.web.EndpointLinksResolver      : Exposing 2 endpoint(s) beneath base path '/actuator'
2020-04-19 14:10:25.698  INFO 71 --- [           main] com.example.demo.DemoApplicationTests    : Started DemoApplicationTests in 17.809 seconds (JVM running for 24.993)
[INFO] Tests run: 1, Failures: 0, Errors: 0, Skipped: 0, Time elapsed: 23.215 s - in com.example.demo.DemoApplicationTests
2020-04-19 14:10:28.004  INFO 71 --- [extShutdownHook] o.s.s.concurrent.ThreadPoolTaskExecutor  : Shutting down ExecutorService 'applicationTaskExecutor'
[INFO] 
[INFO] Results:
[INFO] 
[INFO] Tests run: 1, Failures: 0, Errors: 0, Skipped: 0
[INFO] 
[INFO] 
[INFO] --- maven-jar-plugin:3.1.2:jar (default-jar) @ demo ---
[INFO] Building jar: /workspace/source/target/demo-0.0.2.jar
[INFO] 
[INFO] --- spring-boot-maven-plugin:2.2.6.RELEASE:repackage (repackage) @ demo ---
[INFO] Replacing main artifact with repackaged archive
[INFO] 
[INFO] --- maven-install-plugin:2.5.2:install (default-install) @ demo ---
[INFO] Installing /workspace/source/target/demo-0.0.2.jar to /home/jenkins/.mvnrepository/com/example/demo/0.0.2/demo-0.0.2.jar
[INFO] Installing /workspace/source/pom.xml to /home/jenkins/.mvnrepository/com/example/demo/0.0.2/demo-0.0.2.pom
[INFO] 
[INFO] --- maven-deploy-plugin:2.8.2:deploy (default-deploy) @ demo ---
[INFO] Using alternate deployment repository local-nexus::default::http://nexus/repository/maven-releases/
[INFO] ------------------------------------------------------------------------
[INFO] BUILD SUCCESS
[INFO] ------------------------------------------------------------------------
[INFO] Total time:  01:21 min
[INFO] Finished at: 2020-04-19T14:10:42Z
[INFO] ------------------------------------------------------------------------

Showing logs for build [32mtroyhart-jx-sd1-master-release-7bzfr-2[0m stage [32mfrom-build-pack[0m and container [32mstep-build-skaffold-version[0m
v1.0.1

Showing logs for build [32mtroyhart-jx-sd1-master-release-7bzfr-2[0m stage [32mfrom-build-pack[0m and container [32mstep-build-container-build[0m
error checking push permissions -- make sure you entered the correct tag name, and that you are authenticated correctly, and try again: checking push permission for "docker-registry.default.svc.cluster.local:5000/********/**-sd1:0.0.2": UNAUTHORIZED: authentication required; [map[Action:pull Class: Name:********/**-sd1 Type:repository] map[Action:push Class: Name:********/**-sd1 Type:repository]]
[31m
Pipeline failed on stage 'from-build-pack' : container 'step-build-container-build'. The execution of the pipeline has stopped.[0m
