
Showing logs for build [32mtroyhart-jx-sd1-pr-5-pr-build-2rvg7-1[0m stage [32mfrom-build-pack[0m and container [32mstep-credential-initializer-6wjpc[0m
{"level":"warn","ts":1587398907.7065418,"logger":"fallback-logger","caller":"logging/config.go:69","msg":"Fetch GitHub commit ID from kodata failed: \"ref: refs/heads/0.8.0-**-support-backwards-incompats\" is not a valid GitHub commit ID"}
{"level":"info","ts":1587398907.7086878,"logger":"fallback-logger","caller":"creds-init/main.go:40","msg":"Credentials initialized."}

Showing logs for build [32mtroyhart-jx-sd1-pr-5-pr-build-2rvg7-1[0m stage [32mfrom-build-pack[0m and container [32mstep-working-dir-initializer-6xhfw[0m
{"level":"warn","ts":1587398908.9590178,"logger":"fallback-logger","caller":"logging/config.go:69","msg":"Fetch GitHub commit ID from kodata failed: open /var/run/ko/HEAD: no such file or directory"}
{"level":"info","ts":1587398908.9619453,"logger":"fallback-logger","caller":"bash/main.go:64","msg":"Successfully executed command \"sh -c mkdir -p /workspace/source\"; output "}

Showing logs for build [32mtroyhart-jx-sd1-pr-5-pr-build-2rvg7-1[0m stage [32mfrom-build-pack[0m and container [32mstep-place-tools[0m

Showing logs for build [32mtroyhart-jx-sd1-pr-5-pr-build-2rvg7-1[0m stage [32mfrom-build-pack[0m and container [32mstep-git-source-troyhart-jx-sd1-pr-5-pr-build-2rvg7-9m8kq[0m
{"level":"warn","ts":1587398918.2998328,"logger":"fallback-logger","caller":"logging/config.go:69","msg":"Fetch GitHub commit ID from kodata failed: \"ref: refs/heads/0.8.0-**-support-backwards-incompats\" is not a valid GitHub commit ID"}
{"level":"info","ts":1587398919.106047,"logger":"fallback-logger","caller":"git/git.go:103","msg":"Successfully cloned https://github.com/********/**-sd1.git @ master in path /workspace/source"}

Showing logs for build [32mtroyhart-jx-sd1-pr-5-pr-build-2rvg7-1[0m stage [32mfrom-build-pack[0m and container [32mstep-git-merge[0m
Using SHAs from PULL_REFS=master:b4bf1487c7222d2822e08f366afa1700d350ffa9,5:2a87e3587a7e74834f6f0f9781c78f261c2c1113
DEBUG: LC_ALL=C JX_LOG_LEVEL=error git fetch origin --unshallow 2a87e3587a7e74834f6f0f9781c78f261c2c1113: b4bf1487c7222d2822e08f366afa1700d350ffa9:
DEBUG: ran git fetch --unshallow origin 2a87e3587a7e74834f6f0f9781c78f261c2c1113: b4bf1487c7222d2822e08f366afa1700d350ffa9: in 
DEBUG: JX_LOG_LEVEL=error LC_ALL=C git branch
DEBUG: LC_ALL=C JX_LOG_LEVEL=error git checkout master
DEBUG: ran git checkout master in 
DEBUG: LC_ALL=C JX_LOG_LEVEL=error git reset --hard b4bf1487c7222d2822e08f366afa1700d350ffa9
DEBUG: ran git reset --hard b4bf1487c7222d2822e08f366afa1700d350ffa9 in 
DEBUG: LC_ALL=C JX_LOG_LEVEL=error git clean -fd .
DEBUG: ran clean --force -d . in 
DEBUG: LC_ALL=C JX_LOG_LEVEL=error git merge 2a87e3587a7e74834f6f0f9781c78f261c2c1113
DEBUG: ran git merge 2a87e3587a7e74834f6f0f9781c78f261c2c1113 in 
DEBUG: LC_ALL=C JX_LOG_LEVEL=error git log --format=%H%x1f%an%x1f%ae%x1f%cn%x1f%ce%x1f%s%n%b%x1e b4bf1487c7222d2822e08f366afa1700d350ffa9..HEAD
Merged SHA 2a87e3587a7e74834f6f0f9781c78f261c2c1113 with commit message '...' into base branch master

Showing logs for build [32mtroyhart-jx-sd1-pr-5-pr-build-2rvg7-1[0m stage [32mfrom-build-pack[0m and container [32mstep-build-set-version[0m
Picked up _JAVA_OPTIONS: -XX:+UnlockExperimentalVMOptions -Dsun.zip.disableMemoryMapping=true -XX:+UseParallelGC -XX:MinHeapFreeRatio=5 -XX:MaxHeapFreeRatio=10 -XX:GCTimeRatio=4 -XX:AdaptiveSizePolicyWeight=90 -Xms10m -Xmx192m
[INFO] Scanning for projects...
[INFO] 
[INFO] -------------------------< com.example:**-sd1 >-------------------------
[INFO] Building **-sd1 0.2
[INFO] --------------------------------[ jar ]---------------------------------
[INFO] 
[INFO] --- versions-maven-plugin:2.7:set (default-cli) @ **-sd1 ---
[INFO] Searching for local aggregator root...
[INFO] Local aggregation root: /workspace/source
[INFO] Processing change of com.example:**-sd1:0.2 -> 0.0.0-SNAPSHOT-PR-5-1
[INFO] Processing com.example:**-sd1
[INFO]     Updating project com.example:**-sd1
[INFO]         from version 0.2 to 0.0.0-SNAPSHOT-PR-5-1
[INFO] 
[INFO] ------------------------------------------------------------------------
[INFO] BUILD SUCCESS
[INFO] ------------------------------------------------------------------------
[INFO] Total time:  33.891 s
[INFO] Finished at: 2020-04-20T16:09:23Z
[INFO] ------------------------------------------------------------------------

Showing logs for build [32mtroyhart-jx-sd1-pr-5-pr-build-2rvg7-1[0m stage [32mfrom-build-pack[0m and container [32mstep-build-mvn-install[0m
Picked up _JAVA_OPTIONS: -XX:+UnlockExperimentalVMOptions -Dsun.zip.disableMemoryMapping=true -XX:+UseParallelGC -XX:MinHeapFreeRatio=5 -XX:MaxHeapFreeRatio=10 -XX:GCTimeRatio=4 -XX:AdaptiveSizePolicyWeight=90 -Xms10m -Xmx192m
[INFO] Scanning for projects...
[INFO] 
[INFO] -------------------------< com.example:**-sd1 >-------------------------
[INFO] Building **-sd1 0.0.0-SNAPSHOT-PR-5-1
[INFO] --------------------------------[ jar ]---------------------------------
[INFO] 
[INFO] --- maven-resources-plugin:3.1.0:resources (default-resources) @ **-sd1 ---
[INFO] Using 'UTF-8' encoding to copy filtered resources.
[INFO] Copying 1 resource
[INFO] Copying 0 resource
[INFO] 
[INFO] --- maven-compiler-plugin:3.8.1:compile (default-compile) @ **-sd1 ---
[INFO] Changes detected - recompiling the module!
[INFO] Compiling 2 source files to /workspace/source/target/classes
[INFO] 
[INFO] --- maven-resources-plugin:3.1.0:testResources (default-testResources) @ **-sd1 ---
[INFO] Using 'UTF-8' encoding to copy filtered resources.
[INFO] skip non existing resourceDirectory /workspace/source/src/test/resources
[INFO] 
[INFO] --- maven-compiler-plugin:3.8.1:testCompile (default-testCompile) @ **-sd1 ---
[INFO] Changes detected - recompiling the module!
[INFO] Compiling 1 source file to /workspace/source/target/test-classes
[INFO] 
[INFO] --- maven-surefire-plugin:3.0.0-M1:test (default-test) @ **-sd1 ---
[INFO] 
[INFO] -------------------------------------------------------
[INFO]  T E S T S
[INFO] -------------------------------------------------------
[INFO] Running com.example.demo.DemoApplicationTests
16:10:10.920 [main] DEBUG org.springframework.test.context.BootstrapUtils - Instantiating CacheAwareContextLoaderDelegate from class [org.springframework.test.context.cache.DefaultCacheAwareContextLoaderDelegate]
16:10:11.011 [main] DEBUG org.springframework.test.context.BootstrapUtils - Instantiating BootstrapContext using constructor [public org.springframework.test.context.support.DefaultBootstrapContext(java.lang.Class,org.springframework.test.context.CacheAwareContextLoaderDelegate)]
16:10:11.200 [main] DEBUG org.springframework.test.context.BootstrapUtils - Instantiating TestContextBootstrapper for test class [com.example.demo.DemoApplicationTests] from class [org.springframework.boot.test.context.SpringBootTestContextBootstrapper]
16:10:11.293 [main] INFO org.springframework.boot.test.context.SpringBootTestContextBootstrapper - Neither @ContextConfiguration nor @ContextHierarchy found for test class [com.example.demo.DemoApplicationTests], using SpringBootContextLoader
16:10:11.303 [main] DEBUG org.springframework.test.context.support.AbstractContextLoader - Did not detect default resource location for test class [com.example.demo.DemoApplicationTests]: class path resource [com/example/demo/DemoApplicationTests-context.xml] does not exist
16:10:11.305 [main] DEBUG org.springframework.test.context.support.AbstractContextLoader - Did not detect default resource location for test class [com.example.demo.DemoApplicationTests]: class path resource [com/example/demo/DemoApplicationTestsContext.groovy] does not exist
16:10:11.305 [main] INFO org.springframework.test.context.support.AbstractContextLoader - Could not detect default resource locations for test class [com.example.demo.DemoApplicationTests]: no resource found for suffixes {-context.xml, Context.groovy}.
16:10:11.307 [main] INFO org.springframework.test.context.support.AnnotationConfigContextLoaderUtils - Could not detect default configuration classes for test class [com.example.demo.DemoApplicationTests]: DemoApplicationTests does not declare any static, non-private, non-final, nested classes annotated with @Configuration.
16:10:11.588 [main] DEBUG org.springframework.test.context.support.ActiveProfilesUtils - Could not find an 'annotation declaring class' for annotation type [org.springframework.test.context.ActiveProfiles] and class [com.example.demo.DemoApplicationTests]
16:10:11.887 [main] DEBUG org.springframework.context.annotation.ClassPathScanningCandidateComponentProvider - Identified candidate component class: file [/workspace/source/target/classes/com/example/demo/DemoApplication.class]
16:10:11.986 [main] INFO org.springframework.boot.test.context.SpringBootTestContextBootstrapper - Found @SpringBootConfiguration com.example.demo.DemoApplication for test class com.example.demo.DemoApplicationTests
16:10:12.489 [main] DEBUG org.springframework.boot.test.context.SpringBootTestContextBootstrapper - @TestExecutionListeners is not present for class [com.example.demo.DemoApplicationTests]: using defaults.
16:10:12.491 [main] INFO org.springframework.boot.test.context.SpringBootTestContextBootstrapper - Loaded default TestExecutionListener class names from location [META-INF/spring.factories]: [org.springframework.boot.test.mock.mockito.MockitoTestExecutionListener, org.springframework.boot.test.mock.mockito.ResetMocksTestExecutionListener, org.springframework.boot.test.autoconfigure.restdocs.RestDocsTestExecutionListener, org.springframework.boot.test.autoconfigure.web.client.MockRestServiceServerResetTestExecutionListener, org.springframework.boot.test.autoconfigure.web.servlet.MockMvcPrintOnlyOnFailureTestExecutionListener, org.springframework.boot.test.autoconfigure.web.servlet.WebDriverTestExecutionListener, org.springframework.test.context.web.ServletTestExecutionListener, org.springframework.test.context.support.DirtiesContextBeforeModesTestExecutionListener, org.springframework.test.context.support.DependencyInjectionTestExecutionListener, org.springframework.test.context.support.DirtiesContextTestExecutionListener, org.springframework.test.context.transaction.TransactionalTestExecutionListener, org.springframework.test.context.jdbc.SqlScriptsTestExecutionListener, org.springframework.test.context.event.EventPublishingTestExecutionListener]
16:10:12.593 [main] DEBUG org.springframework.boot.test.context.SpringBootTestContextBootstrapper - Skipping candidate TestExecutionListener [org.springframework.test.context.transaction.TransactionalTestExecutionListener] due to a missing dependency. Specify custom listener classes or make the default listener classes and their required dependencies available. Offending class: [org/springframework/transaction/TransactionDefinition]
16:10:12.595 [main] DEBUG org.springframework.boot.test.context.SpringBootTestContextBootstrapper - Skipping candidate TestExecutionListener [org.springframework.test.context.jdbc.SqlScriptsTestExecutionListener] due to a missing dependency. Specify custom listener classes or make the default listener classes and their required dependencies available. Offending class: [org/springframework/transaction/interceptor/TransactionAttribute]
16:10:12.595 [main] INFO org.springframework.boot.test.context.SpringBootTestContextBootstrapper - Using TestExecutionListeners: [org.springframework.test.context.web.ServletTestExecutionListener@75cd8043, org.springframework.test.context.support.DirtiesContextBeforeModesTestExecutionListener@33b1c5c5, org.springframework.boot.test.mock.mockito.MockitoTestExecutionListener@5b202a3a, org.springframework.boot.test.autoconfigure.SpringBootDependencyInjectionTestExecutionListener@10b9db7b, org.springframework.test.context.support.DirtiesContextTestExecutionListener@9ef8eb7, org.springframework.test.context.event.EventPublishingTestExecutionListener@34cdeda2, org.springframework.boot.test.mock.mockito.ResetMocksTestExecutionListener@6ee660fb, org.springframework.boot.test.autoconfigure.restdocs.RestDocsTestExecutionListener@305a0c5f, org.springframework.boot.test.autoconfigure.web.client.MockRestServiceServerResetTestExecutionListener@4535b6d5, org.springframework.boot.test.autoconfigure.web.servlet.MockMvcPrintOnlyOnFailureTestExecutionListener@1ecee32c, org.springframework.boot.test.autoconfigure.web.servlet.WebDriverTestExecutionListener@4372b9b6]
16:10:12.604 [main] DEBUG org.springframework.test.context.support.AbstractDirtiesContextTestExecutionListener - Before test class: context [DefaultTestContext@56113384 testClass = DemoApplicationTests, testInstance = [null], testMethod = [null], testException = [null], mergedContextConfiguration = [WebMergedContextConfiguration@5669c5fb testClass = DemoApplicationTests, locations = '**', classes = '{class com.example.demo.DemoApplication}', contextInitializerClasses = '[]', activeProfiles = '**', propertySourceLocations = '**', propertySourceProperties = '{org.springframework.boot.test.context.SpringBootTestContextBootstrapper=true}', contextCustomizers = set[org.springframework.boot.test.context.filter.ExcludeFilterContextCustomizer@57db2b13, org.springframework.boot.test.json.DuplicateJsonObjectContextCustomizerFactory$DuplicateJsonObjectContextCustomizer@5c7bfdc1, org.springframework.boot.test.mock.mockito.MockitoContextCustomizer@0, org.springframework.boot.test.web.client.TestRestTemplateContextCustomizer@d2de489, org.springframework.boot.test.autoconfigure.properties.PropertyMappingContextCustomizer@0, org.springframework.boot.test.autoconfigure.web.servlet.WebDriverContextCustomizerFactory$Customizer@311bf055], resourceBasePath = 'src/main/webapp', contextLoader = 'org.springframework.boot.test.context.SpringBootContextLoader', parent = [null]], attributes = map['org.springframework.test.context.web.ServletTestExecutionListener.activateListener' -> true]], class annotated with @DirtiesContext [false] with mode [null].
16:10:12.900 [main] DEBUG org.springframework.test.context.support.TestPropertySourceUtils - Adding inlined properties to environment: {spring.jmx.enabled=false, org.springframework.boot.test.context.SpringBootTestContextBootstrapper=true, server.port=-1}

  .   ____          _            __ _ _
 /\\ / ___'_ __ _ _(_)_ __  __ _ \ \ \ \
( ( )\___ | '_ | '_| | '_ \/ _` | \ \ \ \
 \\/  ___)| |_)| | | | | || (_| |  ) ) ) )
  '  |____| .__|_| |_|_| |_\__, | / / / /
 =========|_|==============|___/=/_/_/_/
 :: Spring Boot ::        (v2.2.6.RELEASE)

2020-04-20 16:10:14.901  INFO 66 --- [           main] com.example.demo.DemoApplicationTests    : Starting DemoApplicationTests on ********-**-sd1-pr-5-pr-build-2rvg7-1-from-build-pack-lq7th-pod with PID 66 (started by root in /workspace/source)
2020-04-20 16:10:14.907  INFO 66 --- [           main] com.example.demo.DemoApplicationTests    : No active profile set, falling back to default profiles: default
2020-04-20 16:10:29.688  INFO 66 --- [           main] o.s.s.concurrent.ThreadPoolTaskExecutor  : Initializing ExecutorService 'applicationTaskExecutor'
2020-04-20 16:10:32.722  INFO 66 --- [           main] o.s.b.a.e.web.EndpointLinksResolver      : Exposing 2 endpoint(s) beneath base path '/actuator'
2020-04-20 16:10:33.687  INFO 66 --- [           main] com.example.demo.DemoApplicationTests    : Started DemoApplicationTests in 20.685 seconds (JVM running for 27.978)
[INFO] Tests run: 1, Failures: 0, Errors: 0, Skipped: 0, Time elapsed: 25.499 s - in com.example.demo.DemoApplicationTests
2020-04-20 16:10:35.888  INFO 66 --- [extShutdownHook] o.s.s.concurrent.ThreadPoolTaskExecutor  : Shutting down ExecutorService 'applicationTaskExecutor'
[INFO] 
[INFO] Results:
[INFO] 
[INFO] Tests run: 1, Failures: 0, Errors: 0, Skipped: 0
[INFO] 
[INFO] 
[INFO] --- maven-jar-plugin:3.1.2:jar (default-jar) @ **-sd1 ---
[INFO] Building jar: /workspace/source/target/**-sd1-0.0.0-SNAPSHOT-PR-5-1.jar
[INFO] 
[INFO] --- spring-boot-maven-plugin:2.2.6.RELEASE:repackage (repackage) @ **-sd1 ---
[INFO] Replacing main artifact with repackaged archive
[INFO] 
[INFO] --- maven-install-plugin:2.5.2:install (default-install) @ **-sd1 ---
[INFO] Installing /workspace/source/target/**-sd1-0.0.0-SNAPSHOT-PR-5-1.jar to /home/jenkins/.mvnrepository/com/example/**-sd1/0.0.0-SNAPSHOT-PR-5-1/**-sd1-0.0.0-SNAPSHOT-PR-5-1.jar
[INFO] Installing /workspace/source/pom.xml to /home/jenkins/.mvnrepository/com/example/**-sd1/0.0.0-SNAPSHOT-PR-5-1/**-sd1-0.0.0-SNAPSHOT-PR-5-1.pom
[INFO] ------------------------------------------------------------------------
[INFO] BUILD SUCCESS
[INFO] ------------------------------------------------------------------------
[INFO] Total time:  01:15 min
[INFO] Finished at: 2020-04-20T16:10:46Z
[INFO] ------------------------------------------------------------------------

Showing logs for build [32mtroyhart-jx-sd1-pr-5-pr-build-2rvg7-1[0m stage [32mfrom-build-pack[0m and container [32mstep-build-skaffold-version[0m
v1.0.1

Showing logs for build [32mtroyhart-jx-sd1-pr-5-pr-build-2rvg7-1[0m stage [32mfrom-build-pack[0m and container [32mstep-build-container-build[0m
[36mINFO[0m[0000] Resolved base name openjdk:11-jre-slim to openjdk:11-jre-slim 
[36mINFO[0m[0000] Using dockerignore file: /workspace/source/.dockerignore 
[36mINFO[0m[0000] Resolved base name openjdk:11-jre-slim to openjdk:11-jre-slim 
[36mINFO[0m[0000] Retrieving image manifest openjdk:11-jre-slim 
[36mINFO[0m[0001] Retrieving image manifest openjdk:11-jre-slim 
[36mINFO[0m[0002] Built cross stage deps: map[]                
[36mINFO[0m[0002] Retrieving image manifest openjdk:11-jre-slim 
[36mINFO[0m[0003] Retrieving image manifest openjdk:11-jre-slim 
[36mINFO[0m[0004] cmd: EXPOSE                                  
[36mINFO[0m[0004] Adding exposed port: 8080/tcp                
[36mINFO[0m[0004] Resolving srcs [pom.xml target/lib*]...      
end of resolve sources
[36mINFO[0m[0004] Checking for cached layer docker-registry.default.svc.cluster.local:5000/todo/cache:3cb196270855c65cd1a16435cbc84181c8b03904f10f86d5866a80f5c2e5148a... 
[36mINFO[0m[0004] No cached layer found for cmd COPY pom.xml target/lib* /opt/lib/ 
[36mINFO[0m[0004] Resolving srcs [target/*.jar]...             
end of resolve sources
[36mINFO[0m[0004] Unpacking rootfs as cmd COPY pom.xml target/lib* /opt/lib/ requires it. 
[36mINFO[0m[0017] Taking snapshot of full filesystem...        
[36mINFO[0m[0018] Resolving paths                              
[36mINFO[0m[0020] ENV PORT 8080                                
[36mINFO[0m[0020] No files changed in this command, skipping snapshotting. 
[36mINFO[0m[0020] ENV CLASSPATH /opt/lib                       
[36mINFO[0m[0020] No files changed in this command, skipping snapshotting. 
[36mINFO[0m[0020] EXPOSE 8080                                  
[36mINFO[0m[0020] cmd: EXPOSE                                  
[36mINFO[0m[0020] Adding exposed port: 8080/tcp                
[36mINFO[0m[0020] No files changed in this command, skipping snapshotting. 
[36mINFO[0m[0020] Resolving srcs [pom.xml target/lib*]...      
end of resolve sources
[36mINFO[0m[0020] COPY pom.xml target/lib* /opt/lib/           
[36mINFO[0m[0020] Resolving srcs [pom.xml target/lib*]...      
end of resolve sources
[36mINFO[0m[0020] Resolving paths                              
[36mINFO[0m[0020] Taking snapshot of files...                  
[36mINFO[0m[0020] Resolving srcs [target/*.jar]...             
[36mINFO[0m[0020] Pushing layer docker-registry.default.svc.cluster.local:5000/todo/cache:3cb196270855c65cd1a16435cbc84181c8b03904f10f86d5866a80f5c2e5148a to cache now 
end of resolve sources
[36mINFO[0m[0020] COPY target/*.jar /opt/app.jar               
[36mINFO[0m[0020] Resolving srcs [target/*.jar]...             
end of resolve sources
[36mINFO[0m[0020] Resolving paths                              
[36mINFO[0m[0020] Taking snapshot of files...                  
[36mINFO[0m[0023] Pushing layer docker-registry.default.svc.cluster.local:5000/todo/cache:4f838d88ad3badbec845c9f6b0b640e461dd0af2b7085cfba714da94257204fb to cache now 
[36mINFO[0m[0023] WORKDIR /opt                                 
[36mINFO[0m[0023] cmd: workdir                                 
[36mINFO[0m[0023] Changed working directory to /opt            
[36mINFO[0m[0023] No files changed in this command, skipping snapshotting. 
[36mINFO[0m[0023] CMD ["java", "-jar", "app.jar"]              
[36mINFO[0m[0023] No files changed in this command, skipping snapshotting. 
[33mWARN[0m[0026] error uploading layer to cache: failed to push to destination docker-registry.default.svc.cluster.local:5000/todo/cache:3cb196270855c65cd1a16435cbc84181c8b03904f10f86d5866a80f5c2e5148a: UNKNOWN: unknown error; map[Code:ImageStream:Unknown Err:map[ErrStatus:map[code:404 details:map[kind:namespaces name:todo] message:namespaces "todo" not found metadata:map[] reason:NotFound status:Failure]] Message:CreateImageStreamMapping: error creation of todo/cache ImageStreamMapping] 

Showing logs for build [32mtroyhart-jx-sd1-pr-5-pr-build-2rvg7-1[0m stage [32mfrom-build-pack[0m and container [32mstep-postbuild-post-build[0m
no CVE provider running in the current ** namespace so skip adding image to be analysed

Showing logs for build [32mtroyhart-jx-sd1-pr-5-pr-build-2rvg7-1[0m stage [32mfrom-build-pack[0m and container [32mstep-promote-make-preview[0m
sed -i -e "s/version:.*/version: 0.0.0-SNAPSHOT-PR-5-1/" Chart.yaml
sed -i -e "s/version:.*/version: 0.0.0-SNAPSHOT-PR-5-1/" ../*/Chart.yaml
sed -i -e "s|repository:.*|repository: docker-registry.default.svc.cluster.local:5000\/********\/**-sd1|" values.yaml
sed -i -e "s/tag:.*/tag: 0.0.0-SNAPSHOT-PR-5-1/" values.yaml
echo "  version: 0.0.0-SNAPSHOT-PR-5-1" >> requirements.yaml
** step helm build
WARNING: No $CHART_REPOSITORY defined so using the default value of: http://jenkins-x-chartmuseum:8080
Adding missing Helm repo: storage.googleapis.com https://storage.googleapis.com/chartmuseum.jenkins-x.io
Successfully added Helm repository storage.googleapis.com.
Adding missing Helm repo: jenkins-x-chartmuseum http://jenkins-x-chartmuseum:8080
Successfully added Helm repository jenkins-x-chartmuseum.
WARNING: No $CHART_REPOSITORY defined so using the default value of: http://jenkins-x-chartmuseum:8080
Adding missing Helm repo: chartmuseum.jenkins-x.io http://chartmuseum.jenkins-x.io
Successfully added Helm repository chartmuseum.jenkins-x.io.

Showing logs for build [32mtroyhart-jx-sd1-pr-5-pr-build-2rvg7-1[0m stage [32mfrom-build-pack[0m and container [32mstep-promote-jx-preview[0m
Creating a preview
Found commit author match for: ******** with email address: thart@myriad.com
Created environment ********-**-sd1-pr-5
Namespace **-********-**-sd1-pr-5 created 
expose:
  Annotations:
    helm.sh/hook: post-install,post-upgrade
    helm.sh/hook-delete-policy: hook-succeeded
  config:
    domain: dxops.myriad.com
    exposer: Ingress
    http: "true"
preview:
  image:
    repository: docker-registry.default.svc.cluster.local:5000/********/**-sd1
    tag: 0.0.0-SNAPSHOT-PR-5-1

WARNING: Job expose has not yet terminated for helm hook phase post-upgrade due to: job expose never terminated so removing it anyway
WARNING: Could not find the service URL in namespace **-********-**-sd1-pr-5 for names **-sd1, preview, **-********-**-sd1-pr-5-preview, preview-**-sd1: the server could not find the requested resource (get services.serving.knative.dev preview-**-sd1)
Updating PipelineActivities ********-**-sd1-pr-5-1 which has status Running
