
Showing logs for build [32mtroyhart-jx-sd1-pr-5-pr-build-l5tdb-2[0m stage [32mfrom-build-pack[0m and container [32mstep-credential-initializer-9s6b5[0m
{"level":"warn","ts":1587475202.3688982,"logger":"fallback-logger","caller":"logging/config.go:69","msg":"Fetch GitHub commit ID from kodata failed: \"ref: refs/heads/0.8.0-**-support-backwards-incompats\" is not a valid GitHub commit ID"}
{"level":"info","ts":1587475202.370826,"logger":"fallback-logger","caller":"creds-init/main.go:40","msg":"Credentials initialized."}

Showing logs for build [32mtroyhart-jx-sd1-pr-5-pr-build-l5tdb-2[0m stage [32mfrom-build-pack[0m and container [32mstep-working-dir-initializer-pdcm2[0m
{"level":"warn","ts":1587475203.9266574,"logger":"fallback-logger","caller":"logging/config.go:69","msg":"Fetch GitHub commit ID from kodata failed: open /var/run/ko/HEAD: no such file or directory"}
{"level":"info","ts":1587475203.9296727,"logger":"fallback-logger","caller":"bash/main.go:64","msg":"Successfully executed command \"sh -c mkdir -p /workspace/source\"; output "}

Showing logs for build [32mtroyhart-jx-sd1-pr-5-pr-build-l5tdb-2[0m stage [32mfrom-build-pack[0m and container [32mstep-place-tools[0m

Showing logs for build [32mtroyhart-jx-sd1-pr-5-pr-build-l5tdb-2[0m stage [32mfrom-build-pack[0m and container [32mstep-git-source-troyhart-jx-sd1-pr-5-pr-build-l5tdb-dpjtj[0m
{"level":"warn","ts":1587475213.2631717,"logger":"fallback-logger","caller":"logging/config.go:69","msg":"Fetch GitHub commit ID from kodata failed: \"ref: refs/heads/0.8.0-**-support-backwards-incompats\" is not a valid GitHub commit ID"}
{"level":"info","ts":1587475214.0849643,"logger":"fallback-logger","caller":"git/git.go:103","msg":"Successfully cloned https://github.com/********/**-sd1.git @ master in path /workspace/source"}

Showing logs for build [32mtroyhart-jx-sd1-pr-5-pr-build-l5tdb-2[0m stage [32mfrom-build-pack[0m and container [32mstep-git-merge[0m
Using SHAs from PULL_REFS=master:b4bf1487c7222d2822e08f366afa1700d350ffa9,5:911501dddda046dc20113a26509af571cc6b2659
DEBUG: LC_ALL=C JX_LOG_LEVEL=error git fetch origin --unshallow 911501dddda046dc20113a26509af571cc6b2659: b4bf1487c7222d2822e08f366afa1700d350ffa9:
DEBUG: ran git fetch --unshallow origin 911501dddda046dc20113a26509af571cc6b2659: b4bf1487c7222d2822e08f366afa1700d350ffa9: in 
DEBUG: LC_ALL=C JX_LOG_LEVEL=error git branch
DEBUG: LC_ALL=C JX_LOG_LEVEL=error git checkout master
DEBUG: ran git checkout master in 
DEBUG: LC_ALL=C JX_LOG_LEVEL=error git reset --hard b4bf1487c7222d2822e08f366afa1700d350ffa9
DEBUG: ran git reset --hard b4bf1487c7222d2822e08f366afa1700d350ffa9 in 
DEBUG: LC_ALL=C JX_LOG_LEVEL=error git clean -fd .
DEBUG: ran clean --force -d . in 
DEBUG: LC_ALL=C JX_LOG_LEVEL=error git merge 911501dddda046dc20113a26509af571cc6b2659
DEBUG: ran git merge 911501dddda046dc20113a26509af571cc6b2659 in 
DEBUG: LC_ALL=C JX_LOG_LEVEL=error git log --format=%H%x1f%an%x1f%ae%x1f%cn%x1f%ce%x1f%s%n%b%x1e b4bf1487c7222d2822e08f366afa1700d350ffa9..HEAD
Merged SHA 911501dddda046dc20113a26509af571cc6b2659 with commit message 'added preview requirement' into base branch master
Merged SHA 2a87e3587a7e74834f6f0f9781c78f261c2c1113 with commit message '...' into base branch master

Showing logs for build [32mtroyhart-jx-sd1-pr-5-pr-build-l5tdb-2[0m stage [32mfrom-build-pack[0m and container [32mstep-build-set-version[0m
Picked up _JAVA_OPTIONS: -XX:+UnlockExperimentalVMOptions -Dsun.zip.disableMemoryMapping=true -XX:+UseParallelGC -XX:MinHeapFreeRatio=5 -XX:MaxHeapFreeRatio=10 -XX:GCTimeRatio=4 -XX:AdaptiveSizePolicyWeight=90 -Xms10m -Xmx192m
[INFO] Scanning for projects...
[INFO] 
[INFO] -------------------------< com.example:**-sd1 >-------------------------
[INFO] Building **-sd1 0.2
[INFO] --------------------------------[ jar ]---------------------------------
[INFO] 
[INFO] --- versions-maven-plugin:2.7:set (default-cli) @ **-sd1 ---
[INFO] Searching for local aggregator root...
[INFO] Local aggregation root: /workspace/source
[INFO] Processing change of com.example:**-sd1:0.2 -> 0.0.0-SNAPSHOT-PR-5-2
[INFO] Processing com.example:**-sd1
[INFO]     Updating project com.example:**-sd1
[INFO]         from version 0.2 to 0.0.0-SNAPSHOT-PR-5-2
[INFO] 
[INFO] ------------------------------------------------------------------------
[INFO] BUILD SUCCESS
[INFO] ------------------------------------------------------------------------
[INFO] Total time:  29.894 s
[INFO] Finished at: 2020-04-21T13:20:53Z
[INFO] ------------------------------------------------------------------------

Showing logs for build [32mtroyhart-jx-sd1-pr-5-pr-build-l5tdb-2[0m stage [32mfrom-build-pack[0m and container [32mstep-build-mvn-install[0m
Picked up _JAVA_OPTIONS: -XX:+UnlockExperimentalVMOptions -Dsun.zip.disableMemoryMapping=true -XX:+UseParallelGC -XX:MinHeapFreeRatio=5 -XX:MaxHeapFreeRatio=10 -XX:GCTimeRatio=4 -XX:AdaptiveSizePolicyWeight=90 -Xms10m -Xmx192m
[INFO] Scanning for projects...
[INFO] 
[INFO] -------------------------< com.example:**-sd1 >-------------------------
[INFO] Building **-sd1 0.0.0-SNAPSHOT-PR-5-2
[INFO] --------------------------------[ jar ]---------------------------------
[INFO] 
[INFO] --- maven-resources-plugin:3.1.0:resources (default-resources) @ **-sd1 ---
[INFO] Using 'UTF-8' encoding to copy filtered resources.
[INFO] Copying 1 resource
[INFO] Copying 0 resource
[INFO] 
[INFO] --- maven-compiler-plugin:3.8.1:compile (default-compile) @ **-sd1 ---
[INFO] Changes detected - recompiling the module!
[INFO] Compiling 2 source files to /workspace/source/target/classes
[INFO] 
[INFO] --- maven-resources-plugin:3.1.0:testResources (default-testResources) @ **-sd1 ---
[INFO] Using 'UTF-8' encoding to copy filtered resources.
[INFO] skip non existing resourceDirectory /workspace/source/src/test/resources
[INFO] 
[INFO] --- maven-compiler-plugin:3.8.1:testCompile (default-testCompile) @ **-sd1 ---
[INFO] Changes detected - recompiling the module!
[INFO] Compiling 1 source file to /workspace/source/target/test-classes
[INFO] 
[INFO] --- maven-surefire-plugin:3.0.0-M1:test (default-test) @ **-sd1 ---
[INFO] 
[INFO] -------------------------------------------------------
[INFO]  T E S T S
[INFO] -------------------------------------------------------
[INFO] Running com.example.demo.DemoApplicationTests
13:21:42.188 [main] DEBUG org.springframework.test.context.BootstrapUtils - Instantiating CacheAwareContextLoaderDelegate from class [org.springframework.test.context.cache.DefaultCacheAwareContextLoaderDelegate]
13:21:42.201 [main] DEBUG org.springframework.test.context.BootstrapUtils - Instantiating BootstrapContext using constructor [public org.springframework.test.context.support.DefaultBootstrapContext(java.lang.Class,org.springframework.test.context.CacheAwareContextLoaderDelegate)]
13:21:42.505 [main] DEBUG org.springframework.test.context.BootstrapUtils - Instantiating TestContextBootstrapper for test class [com.example.demo.DemoApplicationTests] from class [org.springframework.boot.test.context.SpringBootTestContextBootstrapper]
13:21:42.700 [main] INFO org.springframework.boot.test.context.SpringBootTestContextBootstrapper - Neither @ContextConfiguration nor @ContextHierarchy found for test class [com.example.demo.DemoApplicationTests], using SpringBootContextLoader
13:21:42.782 [main] DEBUG org.springframework.test.context.support.AbstractContextLoader - Did not detect default resource location for test class [com.example.demo.DemoApplicationTests]: class path resource [com/example/demo/DemoApplicationTests-context.xml] does not exist
13:21:42.783 [main] DEBUG org.springframework.test.context.support.AbstractContextLoader - Did not detect default resource location for test class [com.example.demo.DemoApplicationTests]: class path resource [com/example/demo/DemoApplicationTestsContext.groovy] does not exist
13:21:42.784 [main] INFO org.springframework.test.context.support.AbstractContextLoader - Could not detect default resource locations for test class [com.example.demo.DemoApplicationTests]: no resource found for suffixes {-context.xml, Context.groovy}.
13:21:42.786 [main] INFO org.springframework.test.context.support.AnnotationConfigContextLoaderUtils - Could not detect default configuration classes for test class [com.example.demo.DemoApplicationTests]: DemoApplicationTests does not declare any static, non-private, non-final, nested classes annotated with @Configuration.
13:21:43.018 [main] DEBUG org.springframework.test.context.support.ActiveProfilesUtils - Could not find an 'annotation declaring class' for annotation type [org.springframework.test.context.ActiveProfiles] and class [com.example.demo.DemoApplicationTests]
13:21:43.202 [main] DEBUG org.springframework.context.annotation.ClassPathScanningCandidateComponentProvider - Identified candidate component class: file [/workspace/source/target/classes/com/example/demo/DemoApplication.class]
13:21:43.303 [main] INFO org.springframework.boot.test.context.SpringBootTestContextBootstrapper - Found @SpringBootConfiguration com.example.demo.DemoApplication for test class com.example.demo.DemoApplicationTests
13:21:43.785 [main] DEBUG org.springframework.boot.test.context.SpringBootTestContextBootstrapper - @TestExecutionListeners is not present for class [com.example.demo.DemoApplicationTests]: using defaults.
13:21:43.787 [main] INFO org.springframework.boot.test.context.SpringBootTestContextBootstrapper - Loaded default TestExecutionListener class names from location [META-INF/spring.factories]: [org.springframework.boot.test.mock.mockito.MockitoTestExecutionListener, org.springframework.boot.test.mock.mockito.ResetMocksTestExecutionListener, org.springframework.boot.test.autoconfigure.restdocs.RestDocsTestExecutionListener, org.springframework.boot.test.autoconfigure.web.client.MockRestServiceServerResetTestExecutionListener, org.springframework.boot.test.autoconfigure.web.servlet.MockMvcPrintOnlyOnFailureTestExecutionListener, org.springframework.boot.test.autoconfigure.web.servlet.WebDriverTestExecutionListener, org.springframework.test.context.web.ServletTestExecutionListener, org.springframework.test.context.support.DirtiesContextBeforeModesTestExecutionListener, org.springframework.test.context.support.DependencyInjectionTestExecutionListener, org.springframework.test.context.support.DirtiesContextTestExecutionListener, org.springframework.test.context.transaction.TransactionalTestExecutionListener, org.springframework.test.context.jdbc.SqlScriptsTestExecutionListener, org.springframework.test.context.event.EventPublishingTestExecutionListener]
13:21:43.819 [main] DEBUG org.springframework.boot.test.context.SpringBootTestContextBootstrapper - Skipping candidate TestExecutionListener [org.springframework.test.context.transaction.TransactionalTestExecutionListener] due to a missing dependency. Specify custom listener classes or make the default listener classes and their required dependencies available. Offending class: [org/springframework/transaction/TransactionDefinition]
13:21:43.882 [main] DEBUG org.springframework.boot.test.context.SpringBootTestContextBootstrapper - Skipping candidate TestExecutionListener [org.springframework.test.context.jdbc.SqlScriptsTestExecutionListener] due to a missing dependency. Specify custom listener classes or make the default listener classes and their required dependencies available. Offending class: [org/springframework/transaction/interceptor/TransactionAttribute]
13:21:43.883 [main] INFO org.springframework.boot.test.context.SpringBootTestContextBootstrapper - Using TestExecutionListeners: [org.springframework.test.context.web.ServletTestExecutionListener@75cd8043, org.springframework.test.context.support.DirtiesContextBeforeModesTestExecutionListener@33b1c5c5, org.springframework.boot.test.mock.mockito.MockitoTestExecutionListener@5b202a3a, org.springframework.boot.test.autoconfigure.SpringBootDependencyInjectionTestExecutionListener@10b9db7b, org.springframework.test.context.support.DirtiesContextTestExecutionListener@9ef8eb7, org.springframework.test.context.event.EventPublishingTestExecutionListener@34cdeda2, org.springframework.boot.test.mock.mockito.ResetMocksTestExecutionListener@6ee660fb, org.springframework.boot.test.autoconfigure.restdocs.RestDocsTestExecutionListener@305a0c5f, org.springframework.boot.test.autoconfigure.web.client.MockRestServiceServerResetTestExecutionListener@4535b6d5, org.springframework.boot.test.autoconfigure.web.servlet.MockMvcPrintOnlyOnFailureTestExecutionListener@1ecee32c, org.springframework.boot.test.autoconfigure.web.servlet.WebDriverTestExecutionListener@4372b9b6]
13:21:43.893 [main] DEBUG org.springframework.test.context.support.AbstractDirtiesContextTestExecutionListener - Before test class: context [DefaultTestContext@56113384 testClass = DemoApplicationTests, testInstance = [null], testMethod = [null], testException = [null], mergedContextConfiguration = [WebMergedContextConfiguration@5669c5fb testClass = DemoApplicationTests, locations = '**', classes = '{class com.example.demo.DemoApplication}', contextInitializerClasses = '[]', activeProfiles = '**', propertySourceLocations = '**', propertySourceProperties = '{org.springframework.boot.test.context.SpringBootTestContextBootstrapper=true}', contextCustomizers = set[org.springframework.boot.test.context.filter.ExcludeFilterContextCustomizer@57db2b13, org.springframework.boot.test.json.DuplicateJsonObjectContextCustomizerFactory$DuplicateJsonObjectContextCustomizer@5c7bfdc1, org.springframework.boot.test.mock.mockito.MockitoContextCustomizer@0, org.springframework.boot.test.web.client.TestRestTemplateContextCustomizer@d2de489, org.springframework.boot.test.autoconfigure.properties.PropertyMappingContextCustomizer@0, org.springframework.boot.test.autoconfigure.web.servlet.WebDriverContextCustomizerFactory$Customizer@311bf055], resourceBasePath = 'src/main/webapp', contextLoader = 'org.springframework.boot.test.context.SpringBootContextLoader', parent = [null]], attributes = map['org.springframework.test.context.web.ServletTestExecutionListener.activateListener' -> true]], class annotated with @DirtiesContext [false] with mode [null].
13:21:44.191 [main] DEBUG org.springframework.test.context.support.TestPropertySourceUtils - Adding inlined properties to environment: {spring.jmx.enabled=false, org.springframework.boot.test.context.SpringBootTestContextBootstrapper=true, server.port=-1}

  .   ____          _            __ _ _
 /\\ / ___'_ __ _ _(_)_ __  __ _ \ \ \ \
( ( )\___ | '_ | '_| | '_ \/ _` | \ \ \ \
 \\/  ___)| |_)| | | | | || (_| |  ) ) ) )
  '  |____| .__|_| |_|_| |_\__, | / / / /
 =========|_|==============|___/=/_/_/_/
 :: Spring Boot ::        (v2.2.6.RELEASE)

2020-04-21 13:21:46.210  INFO 66 --- [           main] com.example.demo.DemoApplicationTests    : Starting DemoApplicationTests on ********-**-sd1-pr-5-pr-build-l5tdb-2-from-build-pack-j48c5-pod with PID 66 (started by root in /workspace/source)
2020-04-21 13:21:46.214  INFO 66 --- [           main] com.example.demo.DemoApplicationTests    : No active profile set, falling back to default profiles: default
2020-04-21 13:22:00.821  INFO 66 --- [           main] o.s.s.concurrent.ThreadPoolTaskExecutor  : Initializing ExecutorService 'applicationTaskExecutor'
2020-04-21 13:22:03.706  INFO 66 --- [           main] o.s.b.a.e.web.EndpointLinksResolver      : Exposing 2 endpoint(s) beneath base path '/actuator'
2020-04-21 13:22:04.402  INFO 66 --- [           main] com.example.demo.DemoApplicationTests    : Started DemoApplicationTests in 20.115 seconds (JVM running for 25.995)
[INFO] Tests run: 1, Failures: 0, Errors: 0, Skipped: 0, Time elapsed: 24.592 s - in com.example.demo.DemoApplicationTests
2020-04-21 13:22:06.603  INFO 66 --- [extShutdownHook] o.s.s.concurrent.ThreadPoolTaskExecutor  : Shutting down ExecutorService 'applicationTaskExecutor'
[INFO] 
[INFO] Results:
[INFO] 
[INFO] Tests run: 1, Failures: 0, Errors: 0, Skipped: 0
[INFO] 
[INFO] 
[INFO] --- maven-jar-plugin:3.1.2:jar (default-jar) @ **-sd1 ---
[INFO] Building jar: /workspace/source/target/**-sd1-0.0.0-SNAPSHOT-PR-5-2.jar
[INFO] 
[INFO] --- spring-boot-maven-plugin:2.2.6.RELEASE:repackage (repackage) @ **-sd1 ---
[INFO] Replacing main artifact with repackaged archive
[INFO] 
[INFO] --- maven-install-plugin:2.5.2:install (default-install) @ **-sd1 ---
[INFO] Installing /workspace/source/target/**-sd1-0.0.0-SNAPSHOT-PR-5-2.jar to /home/jenkins/.mvnrepository/com/example/**-sd1/0.0.0-SNAPSHOT-PR-5-2/**-sd1-0.0.0-SNAPSHOT-PR-5-2.jar
[INFO] Installing /workspace/source/pom.xml to /home/jenkins/.mvnrepository/com/example/**-sd1/0.0.0-SNAPSHOT-PR-5-2/**-sd1-0.0.0-SNAPSHOT-PR-5-2.pom
[INFO] ------------------------------------------------------------------------
[INFO] BUILD SUCCESS
[INFO] ------------------------------------------------------------------------
[INFO] Total time:  01:15 min
[INFO] Finished at: 2020-04-21T13:22:17Z
[INFO] ------------------------------------------------------------------------

Showing logs for build [32mtroyhart-jx-sd1-pr-5-pr-build-l5tdb-2[0m stage [32mfrom-build-pack[0m and container [32mstep-build-skaffold-version[0m
v1.0.1

Showing logs for build [32mtroyhart-jx-sd1-pr-5-pr-build-l5tdb-2[0m stage [32mfrom-build-pack[0m and container [32mstep-build-container-build[0m
error checking push permissions -- make sure you entered the correct tag name, and that you are authenticated correctly, and try again: checking push permission for "docker-registry.default.svc.cluster.local:5000/********/**-sd1:0.0.0-SNAPSHOT-PR-5-2": UNAUTHORIZED: authentication required; [map[Action:pull Class: Name:********/**-sd1 Type:repository] map[Action:push Class: Name:********/**-sd1 Type:repository]]
[31m
Pipeline failed on stage 'from-build-pack' : container 'step-build-container-build'. The execution of the pipeline has stopped.[0m
